Ethan/Library/Bee/Android/Prj/Mono2x/Gradle/launcher/build/intermediates/manifest_merge_blame_file/release/manifest-merger-blame-release-report.txt
1<?xml version="1.0" encoding="utf-8"?>
2<manifest xmlns:android="http://schemas.android.com/apk/res/android"
3    package="com.JennNorton.Ethan"
4    android:installLocation="preferExternal"
5    android:versionCode="1"
6    android:versionName="0.1" >
7
8    <uses-sdk
9        android:minSdkVersion="26"
9-->src/main/AndroidManifest.xml
10        android:targetSdkVersion="30" />
10-->src/main/AndroidManifest.xml
11
12    <supports-screens
12-->src/main/AndroidManifest.xml:3:3-163
13        android:anyDensity="true"
13-->src/main/AndroidManifest.xml:3:135-160
14        android:largeScreens="true"
14-->src/main/AndroidManifest.xml:3:78-105
15        android:normalScreens="true"
15-->src/main/AndroidManifest.xml:3:49-77
16        android:smallScreens="true"
16-->src/main/AndroidManifest.xml:3:21-48
17        android:xlargeScreens="true" />
17-->src/main/AndroidManifest.xml:3:106-134
18
19    <uses-feature android:glEsVersion="0x00020000" />
19-->[:unityLibrary] AndroidManifest.xml:12:5-54
19-->[:unityLibrary] AndroidManifest.xml:12:19-51
20
21    <uses-permission android:name="android.permission.INTERNET" />
21-->[:unityLibrary] AndroidManifest.xml:14:5-67
21-->[:unityLibrary] AndroidManifest.xml:14:22-64
22
23    <uses-feature
23-->[:unityLibrary] AndroidManifest.xml:16:5-18:36
24        android:name="android.hardware.touchscreen"
24-->[:unityLibrary] AndroidManifest.xml:17:9-52
25        android:required="false" />
25-->[:unityLibrary] AndroidManifest.xml:18:9-33
26    <uses-feature
26-->[:unityLibrary] AndroidManifest.xml:19:5-21:36
27        android:name="android.hardware.touchscreen.multitouch"
27-->[:unityLibrary] AndroidManifest.xml:20:9-63
28        android:required="false" />
28-->[:unityLibrary] AndroidManifest.xml:21:9-33
29    <uses-feature
29-->[:unityLibrary] AndroidManifest.xml:22:5-24:36
30        android:name="android.hardware.touchscreen.multitouch.distinct"
30-->[:unityLibrary] AndroidManifest.xml:23:9-72
31        android:required="false" />
31-->[:unityLibrary] AndroidManifest.xml:24:9-33
32
33    <uses-permission android:name="android.permission.CAMERA" />
33-->[:unityLibrary] AndroidManifest.xml:26:5-65
33-->[:unityLibrary] AndroidManifest.xml:26:22-62
34
35    <uses-feature
35-->[:unityLibrary] AndroidManifest.xml:28:5-30:35
36        android:name="android.hardware.camera.ar"
36-->[:unityLibrary] AndroidManifest.xml:29:9-50
37        android:required="true" />
37-->[:unityLibrary] AndroidManifest.xml:30:9-32
38    <uses-feature
38-->[:unityLibrary] AndroidManifest.xml:31:5-33:35
39        android:name="com.google.ar.core.depth"
39-->[:unityLibrary] AndroidManifest.xml:32:9-48
40        android:required="true" />
40-->[:unityLibrary] AndroidManifest.xml:33:9-32
41
42    <queries>
42-->[:arcore_client:] AndroidManifest.xml:29:5-31:15
43        <package android:name="com.google.ar.core" />
43-->[:arcore_client:] AndroidManifest.xml:30:9-54
43-->[:arcore_client:] AndroidManifest.xml:30:18-51
44    </queries>
45
46    <uses-permission android:name="android.permission.ACCESS_NETWORK_STATE" />
46-->[:UnityAds:] AndroidManifest.xml:9:5-79
46-->[:UnityAds:] AndroidManifest.xml:9:22-76
47    <uses-permission android:name="com.android.vending.BILLING" />
47-->[:billing-3.0.3:] AndroidManifest.xml:10:5-67
47-->[:billing-3.0.3:] AndroidManifest.xml:10:22-64
48
49    <application
49-->src/main/AndroidManifest.xml:4:3-121
50        android:banner="@drawable/app_banner"
50-->src/main/AndroidManifest.xml:4:81-118
51        android:extractNativeLibs="true"
51-->[:unityLibrary] AndroidManifest.xml:36:9-41
52        android:icon="@mipmap/app_icon"
52-->src/main/AndroidManifest.xml:4:49-80
53        android:isGame="true"
53-->[:unityLibrary] AndroidManifest.xml:37:9-30
54        android:label="@string/app_name" >
54-->src/main/AndroidManifest.xml:4:16-48
55        <activity
55-->[:unityLibrary] AndroidManifest.xml:38:9-56:20
56            android:name="com.unity3d.player.UnityPlayerActivity"
56-->[:unityLibrary] AndroidManifest.xml:39:13-66
57            android:configChanges="mcc|mnc|locale|touchscreen|keyboard|keyboardHidden|navigation|orientation|screenLayout|uiMode|screenSize|smallestScreenSize|fontScale|layoutDirection|density"
57-->[:unityLibrary] AndroidManifest.xml:40:13-194
58            android:hardwareAccelerated="false"
58-->[:unityLibrary] AndroidManifest.xml:41:13-48
59            android:launchMode="singleTask"
59-->[:unityLibrary] AndroidManifest.xml:42:13-44
60            android:resizeableActivity="false"
60-->[:unityLibrary] AndroidManifest.xml:43:13-47
61            android:screenOrientation="fullSensor"
61-->[:unityLibrary] AndroidManifest.xml:44:13-51
62            android:theme="@style/UnityThemeSelector" >
62-->[:unityLibrary] AndroidManifest.xml:45:13-54
63            <intent-filter>
63-->[:unityLibrary] AndroidManifest.xml:46:13-51:29
64                <action android:name="android.intent.action.MAIN" />
64-->[:unityLibrary] AndroidManifest.xml:47:17-69
64-->[:unityLibrary] AndroidManifest.xml:47:25-66
65
66                <category android:name="android.intent.category.LAUNCHER" />
66-->[:unityLibrary] AndroidManifest.xml:49:17-77
66-->[:unityLibrary] AndroidManifest.xml:49:27-74
67                <category android:name="android.intent.category.LEANBACK_LAUNCHER" />
67-->[:unityLibrary] AndroidManifest.xml:50:17-86
67-->[:unityLibrary] AndroidManifest.xml:50:27-83
68            </intent-filter>
69
70            <meta-data
70-->[:unityLibrary] AndroidManifest.xml:53:13-55:40
71                android:name="unityplayer.UnityActivity"
71-->[:unityLibrary] AndroidManifest.xml:54:17-57
72                android:value="true" />
72-->[:unityLibrary] AndroidManifest.xml:55:17-37
73        </activity>
74
75        <meta-data
75-->[:unityLibrary] AndroidManifest.xml:58:9-60:33
76            android:name="unity.splash-mode"
76-->[:unityLibrary] AndroidManifest.xml:59:13-45
77            android:value="0" />
77-->[:unityLibrary] AndroidManifest.xml:60:13-30
78        <meta-data
78-->[:unityLibrary] AndroidManifest.xml:61:9-63:36
79            android:name="unity.splash-enable"
79-->[:unityLibrary] AndroidManifest.xml:62:13-47
80            android:value="True" />
80-->[:unityLibrary] AndroidManifest.xml:63:13-33
81        <meta-data
81-->[:unityLibrary] AndroidManifest.xml:64:9-66:36
82            android:name="unity.launch-fullscreen"
82-->[:unityLibrary] AndroidManifest.xml:65:13-51
83            android:value="True" />
83-->[:unityLibrary] AndroidManifest.xml:66:13-33
84        <meta-data
84-->[:unityLibrary] AndroidManifest.xml:67:9-69:37
85            android:name="unity.allow-resizable-window"
85-->[:unityLibrary] AndroidManifest.xml:68:13-56
86            android:value="False" />
86-->[:unityLibrary] AndroidManifest.xml:69:13-34
87        <meta-data
87-->[:unityLibrary] AndroidManifest.xml:70:9-72:36
88            android:name="unityplayer.SkipPermissionsDialog"
88-->[:unityLibrary] AndroidManifest.xml:71:13-61
89            android:value="true" />
89-->[:unityLibrary] AndroidManifest.xml:72:13-33
90        <meta-data
90-->[:unityLibrary] AndroidManifest.xml:73:9-75:40
91            android:name="com.google.ar.core"
91-->[:unityLibrary] AndroidManifest.xml:74:13-46
92            android:value="required" /> <!-- The minimal version code of ARCore APK required for an app using this SDK. -->
92-->[:unityLibrary] AndroidManifest.xml:75:13-37
93        <meta-data
93-->[:arcore_client:] AndroidManifest.xml:36:9-38:41
94            android:name="com.google.ar.core.min_apk_version"
94-->[:arcore_client:] AndroidManifest.xml:37:13-62
95            android:value="210910000" /> <!-- This activity is critical for installing ARCore when it is not already present. -->
95-->[:arcore_client:] AndroidManifest.xml:38:13-38
96        <activity
96-->[:arcore_client:] AndroidManifest.xml:40:9-46:80
97            android:name="com.google.ar.core.InstallActivity"
97-->[:arcore_client:] AndroidManifest.xml:41:13-62
98            android:configChanges="keyboardHidden|orientation|screenSize"
98-->[:arcore_client:] AndroidManifest.xml:42:13-74
99            android:excludeFromRecents="true"
99-->[:arcore_client:] AndroidManifest.xml:43:13-46
100            android:exported="false"
100-->[:arcore_client:] AndroidManifest.xml:44:13-37
101            android:launchMode="singleTop"
101-->[:arcore_client:] AndroidManifest.xml:45:13-43
102            android:theme="@android:style/Theme.Material.Light.Dialog.Alert" />
102-->[:arcore_client:] AndroidManifest.xml:46:13-77
103        <activity
103-->[:UnityAds:] AndroidManifest.xml:13:9-17:74
104            android:name="com.unity3d.services.ads.adunit.AdUnitActivity"
104-->[:UnityAds:] AndroidManifest.xml:14:13-74
105            android:configChanges="fontScale|keyboard|keyboardHidden|locale|mnc|mcc|navigation|orientation|screenLayout|screenSize|smallestScreenSize|uiMode|touchscreen"
105-->[:UnityAds:] AndroidManifest.xml:15:13-170
106            android:hardwareAccelerated="true"
106-->[:UnityAds:] AndroidManifest.xml:16:13-47
107            android:theme="@android:style/Theme.NoTitleBar.Fullscreen" />
107-->[:UnityAds:] AndroidManifest.xml:17:13-71
108        <activity
108-->[:UnityAds:] AndroidManifest.xml:18:9-22:86
109            android:name="com.unity3d.services.ads.adunit.AdUnitTransparentActivity"
109-->[:UnityAds:] AndroidManifest.xml:19:13-85
110            android:configChanges="fontScale|keyboard|keyboardHidden|locale|mnc|mcc|navigation|orientation|screenLayout|screenSize|smallestScreenSize|uiMode|touchscreen"
110-->[:UnityAds:] AndroidManifest.xml:20:13-170
111            android:hardwareAccelerated="true"
111-->[:UnityAds:] AndroidManifest.xml:21:13-47
112            android:theme="@android:style/Theme.Translucent.NoTitleBar.Fullscreen" />
112-->[:UnityAds:] AndroidManifest.xml:22:13-83
113        <activity
113-->[:UnityAds:] AndroidManifest.xml:23:9-27:86
114            android:name="com.unity3d.services.ads.adunit.AdUnitTransparentSoftwareActivity"
114-->[:UnityAds:] AndroidManifest.xml:24:13-93
115            android:configChanges="fontScale|keyboard|keyboardHidden|locale|mnc|mcc|navigation|orientation|screenLayout|screenSize|smallestScreenSize|uiMode|touchscreen"
115-->[:UnityAds:] AndroidManifest.xml:25:13-170
116            android:hardwareAccelerated="false"
116-->[:UnityAds:] AndroidManifest.xml:26:13-48
117            android:theme="@android:style/Theme.Translucent.NoTitleBar.Fullscreen" />
117-->[:UnityAds:] AndroidManifest.xml:27:13-83
118        <activity
118-->[:UnityAds:] AndroidManifest.xml:28:9-32:74
119            android:name="com.unity3d.services.ads.adunit.AdUnitSoftwareActivity"
119-->[:UnityAds:] AndroidManifest.xml:29:13-82
120            android:configChanges="fontScale|keyboard|keyboardHidden|locale|mnc|mcc|navigation|orientation|screenLayout|screenSize|smallestScreenSize|uiMode|touchscreen"
120-->[:UnityAds:] AndroidManifest.xml:30:13-170
121            android:hardwareAccelerated="false"
121-->[:UnityAds:] AndroidManifest.xml:31:13-48
122            android:theme="@android:style/Theme.NoTitleBar.Fullscreen" />
122-->[:UnityAds:] AndroidManifest.xml:32:13-71
123
124        <meta-data
124-->[:billing-3.0.3:] AndroidManifest.xml:13:9-15:37
125            android:name="com.google.android.play.billingclient.version"
125-->[:billing-3.0.3:] AndroidManifest.xml:14:13-73
126            android:value="3.0.3" />
126-->[:billing-3.0.3:] AndroidManifest.xml:15:13-34
127
128        <activity
128-->[:billing-3.0.3:] AndroidManifest.xml:17:9-21:75
129            android:name="com.android.billingclient.api.ProxyBillingActivity"
129-->[:billing-3.0.3:] AndroidManifest.xml:18:13-78
130            android:configChanges="keyboard|keyboardHidden|screenLayout|screenSize|orientation"
130-->[:billing-3.0.3:] AndroidManifest.xml:19:13-96
131            android:exported="false"
131-->[:billing-3.0.3:] AndroidManifest.xml:20:13-37
132            android:theme="@android:style/Theme.Translucent.NoTitleBar" />
132-->[:billing-3.0.3:] AndroidManifest.xml:21:13-72
133    </application>
134
135</manifest>